2023-04-22 11:34:55,103 INFO com.hdfc.employee.EmployeeManagementSystemApplication [main] Starting EmployeeManagementSystemApplication using Java 17.0.6 on DESKTOP-OLE59UD with PID 12784 (D:\HDFC_Training\Capstone\employee-management-system\bin\main started by gnave in D:\HDFC_Training\Capstone\employee-management-system)
2023-04-22 11:34:55,130 INFO com.hdfc.employee.EmployeeManagementSystemApplication [main] No active profile set, falling back to 1 default profile: "default"
2023-04-22 11:34:56,283 INFO org.springframework.data.repository.config.RepositoryConfigurationDelegate [main] Bootstrapping Spring Data JPA repositories in DEFAULT mode.
2023-04-22 11:34:56,453 INFO org.springframework.data.repository.config.RepositoryConfigurationDelegate [main] Finished Spring Data repository scanning in 97 ms. Found 1 JPA repository interfaces.
2023-04-22 11:34:57,204 INFO org.springframework.boot.web.embedded.tomcat.TomcatWebServer [main] Tomcat initialized with port(s): 7500 (https)
2023-04-22 11:34:57,219 INFO org.apache.catalina.core.StandardService [main] Starting service [Tomcat]
2023-04-22 11:34:57,219 INFO org.apache.catalina.core.StandardEngine [main] Starting Servlet engine: [Apache Tomcat/9.0.74]
2023-04-22 11:34:57,366 INFO org.apache.catalina.core.ContainerBase.[Tomcat].[localhost].[/] [main] Initializing Spring embedded WebApplicationContext
2023-04-22 11:34:57,366 INFO org.springframework.boot.web.servlet.context.ServletWebServerApplicationContext [main] Root WebApplicationContext: initialization completed in 2180 ms
2023-04-22 11:34:57,819 INFO org.hibernate.jpa.internal.util.LogHelper [main] HHH000204: Processing PersistenceUnitInfo [name: default]
2023-04-22 11:34:57,923 INFO org.hibernate.Version [main] HHH000412: Hibernate ORM core version 5.6.15.Final
2023-04-22 11:34:58,198 INFO org.hibernate.annotations.common.Version [main] HCANN000001: Hibernate Commons Annotations {5.1.2.Final}
2023-04-22 11:34:58,331 INFO com.zaxxer.hikari.HikariDataSource [main] HikariPool-1 - Starting...
2023-04-22 11:34:58,858 INFO com.zaxxer.hikari.HikariDataSource [main] HikariPool-1 - Start completed.
2023-04-22 11:34:58,897 INFO org.hibernate.dialect.Dialect [main] HHH000400: Using dialect: org.hibernate.dialect.MySQL55Dialect
2023-04-22 11:34:59,788 INFO org.hibernate.engine.transaction.jta.platform.internal.JtaPlatformInitiator [main] HHH000490: Using JtaPlatform implementation: [org.hibernate.engine.transaction.jta.platform.internal.NoJtaPlatform]
2023-04-22 11:34:59,801 INFO org.springframework.orm.jpa.LocalContainerEntityManagerFactoryBean [main] Initialized JPA EntityManagerFactory for persistence unit 'default'
2023-04-22 11:35:00,151 WARN org.springframework.boot.autoconfigure.orm.jpa.JpaBaseConfiguration$JpaWebConfiguration [main] spring.jpa.open-in-view is enabled by default. Therefore, database queries may be performed during view rendering. Explicitly configure spring.jpa.open-in-view to disable this warning
2023-04-22 11:35:01,063 INFO org.apache.tomcat.util.net.NioEndpoint.certificate [main] Connector [https-jsse-nio-7500], TLS virtual host [_default_], certificate type [UNDEFINED] configured from [file:/D:/HDFC_Training/Capstone/employee-management-system/bin/main/keystore.p12] using alias [keystore] and with trust store [null]
2023-04-22 11:35:01,087 INFO org.springframework.boot.web.embedded.tomcat.TomcatWebServer [main] Tomcat started on port(s): 7500 (https) with context path ''
2023-04-22 11:35:01,103 INFO com.hdfc.employee.EmployeeManagementSystemApplication [main] Started EmployeeManagementSystemApplication in 6.48 seconds (JVM running for 8.215)
2023-04-22 11:35:49,136 INFO org.apache.catalina.core.ContainerBase.[Tomcat].[localhost].[/] [https-jsse-nio-7500-exec-6] Initializing Spring DispatcherServlet 'dispatcherServlet'
2023-04-22 11:35:49,137 INFO org.springframework.web.servlet.DispatcherServlet [https-jsse-nio-7500-exec-6] Initializing Servlet 'dispatcherServlet'
2023-04-22 11:35:49,139 INFO org.springframework.web.servlet.DispatcherServlet [https-jsse-nio-7500-exec-6] Completed initialization in 1 ms
2023-04-22 11:35:49,253 INFO com.hdfc.employee.controller.EmployeeController [https-jsse-nio-7500-exec-6] Web service called
2023-04-22 11:35:59,224 INFO com.hdfc.employee.controller.EmployeeController [https-jsse-nio-7500-exec-9] Web service called
2023-04-22 11:36:03,042 INFO com.hdfc.employee.controller.EmployeeController [https-jsse-nio-7500-exec-10] Web service called
2023-04-22 11:36:05,978 INFO com.hdfc.employee.controller.EmployeeController [https-jsse-nio-7500-exec-1] Web service called
2023-04-22 11:36:21,405 INFO com.hdfc.employee.controller.EmployeeController [https-jsse-nio-7500-exec-7] Web service called
2023-04-22 11:36:55,287 INFO com.hdfc.employee.controller.EmployeeController [https-jsse-nio-7500-exec-3] Web service called
2023-04-22 11:36:58,597 INFO com.hdfc.employee.controller.EmployeeController [https-jsse-nio-7500-exec-9] Web service called
2023-04-22 11:37:23,328 INFO com.hdfc.employee.controller.EmployeeController [https-jsse-nio-7500-exec-8] Web service called
