2023-04-21 17:33:31,622 INFO com.hdfc.employee.EmployeeManagementSystemApplication [main] Starting EmployeeManagementSystemApplication using Java 17.0.6 on DESKTOP-OLE59UD with PID 11452 (D:\HDFC_Training\Capstone\employee-management-system\bin\main started by gnave in D:\HDFC_Training\Capstone\employee-management-system)
2023-04-21 17:33:31,626 INFO com.hdfc.employee.EmployeeManagementSystemApplication [main] No active profile set, falling back to 1 default profile: "default"
2023-04-21 17:33:32,384 INFO org.springframework.data.repository.config.RepositoryConfigurationDelegate [main] Bootstrapping Spring Data JPA repositories in DEFAULT mode.
2023-04-21 17:33:32,449 INFO org.springframework.data.repository.config.RepositoryConfigurationDelegate [main] Finished Spring Data repository scanning in 53 ms. Found 1 JPA repository interfaces.
2023-04-21 17:33:33,068 INFO org.springframework.boot.web.embedded.tomcat.TomcatWebServer [main] Tomcat initialized with port(s): 7500 (http)
2023-04-21 17:33:33,079 INFO org.apache.catalina.core.StandardService [main] Starting service [Tomcat]
2023-04-21 17:33:33,079 INFO org.apache.catalina.core.StandardEngine [main] Starting Servlet engine: [Apache Tomcat/9.0.74]
2023-04-21 17:33:33,237 INFO org.apache.catalina.core.ContainerBase.[Tomcat].[localhost].[/] [main] Initializing Spring embedded WebApplicationContext
2023-04-21 17:33:33,238 INFO org.springframework.boot.web.servlet.context.ServletWebServerApplicationContext [main] Root WebApplicationContext: initialization completed in 1547 ms
2023-04-21 17:33:33,449 INFO org.hibernate.jpa.internal.util.LogHelper [main] HHH000204: Processing PersistenceUnitInfo [name: default]
2023-04-21 17:33:33,512 INFO org.hibernate.Version [main] HHH000412: Hibernate ORM core version 5.6.15.Final
2023-04-21 17:33:33,710 INFO org.hibernate.annotations.common.Version [main] HCANN000001: Hibernate Commons Annotations {5.1.2.Final}
2023-04-21 17:33:33,865 INFO com.zaxxer.hikari.HikariDataSource [main] HikariPool-1 - Starting...
2023-04-21 17:33:34,134 INFO com.zaxxer.hikari.HikariDataSource [main] HikariPool-1 - Start completed.
2023-04-21 17:33:34,168 INFO org.hibernate.dialect.Dialect [main] HHH000400: Using dialect: org.hibernate.dialect.MySQL55Dialect
2023-04-21 17:33:34,937 INFO org.hibernate.engine.transaction.jta.platform.internal.JtaPlatformInitiator [main] HHH000490: Using JtaPlatform implementation: [org.hibernate.engine.transaction.jta.platform.internal.NoJtaPlatform]
2023-04-21 17:33:34,959 INFO org.springframework.orm.jpa.LocalContainerEntityManagerFactoryBean [main] Initialized JPA EntityManagerFactory for persistence unit 'default'
2023-04-21 17:33:35,366 WARN org.springframework.boot.autoconfigure.orm.jpa.JpaBaseConfiguration$JpaWebConfiguration [main] spring.jpa.open-in-view is enabled by default. Therefore, database queries may be performed during view rendering. Explicitly configure spring.jpa.open-in-view to disable this warning
2023-04-21 17:33:35,839 INFO org.springframework.boot.web.embedded.tomcat.TomcatWebServer [main] Tomcat started on port(s): 7500 (http) with context path ''
2023-04-21 17:33:35,850 INFO com.hdfc.employee.EmployeeManagementSystemApplication [main] Started EmployeeManagementSystemApplication in 4.663 seconds (JVM running for 5.836)
2023-04-21 17:33:51,421 INFO org.apache.catalina.core.ContainerBase.[Tomcat].[localhost].[/] [http-nio-7500-exec-2] Initializing Spring DispatcherServlet 'dispatcherServlet'
2023-04-21 17:33:51,422 INFO org.springframework.web.servlet.DispatcherServlet [http-nio-7500-exec-2] Initializing Servlet 'dispatcherServlet'
2023-04-21 17:33:51,423 INFO org.springframework.web.servlet.DispatcherServlet [http-nio-7500-exec-2] Completed initialization in 1 ms
2023-04-21 17:33:51,470 INFO com.hdfc.employee.controller.EmployeeController [http-nio-7500-exec-2] Web service called
2023-04-21 17:33:51,735 INFO com.hdfc.employee.controller.EmployeeController [http-nio-7500-exec-1] Web service called
2023-04-21 17:33:51,927 INFO com.hdfc.employee.controller.EmployeeController [http-nio-7500-exec-3] Web service called
2023-04-21 17:33:52,181 INFO com.hdfc.employee.controller.EmployeeController [http-nio-7500-exec-4] Web service called
2023-04-21 17:33:55,248 INFO com.hdfc.employee.controller.EmployeeController [http-nio-7500-exec-7] Web service called
2023-04-21 17:34:09,841 INFO com.hdfc.employee.controller.EmployeeController [http-nio-7500-exec-9] Web service called
2023-04-21 17:34:47,758 INFO com.hdfc.employee.controller.EmployeeController [http-nio-7500-exec-1] Web service called
2023-04-21 17:34:47,932 INFO com.hdfc.employee.controller.EmployeeController [http-nio-7500-exec-3] Web service called
2023-04-21 17:34:48,127 INFO com.hdfc.employee.controller.EmployeeController [http-nio-7500-exec-4] Web service called
2023-04-21 17:34:48,283 INFO com.hdfc.employee.controller.EmployeeController [http-nio-7500-exec-5] Web service called
2023-04-21 17:34:48,457 INFO com.hdfc.employee.controller.EmployeeController [http-nio-7500-exec-6] Web service called
2023-04-21 17:34:48,616 INFO com.hdfc.employee.controller.EmployeeController [http-nio-7500-exec-7] Web service called
