2023-04-23 13:46:03,113 INFO com.hdfc.employee.EmployeeManagementSystemApplication [main] Starting EmployeeManagementSystemApplication using Java 17.0.6 on DESKTOP-OLE59UD with PID 19776 (D:\HDFC_Training\Capstone\employee-management-system\bin\main started by gnave in D:\HDFC_Training\Capstone\employee-management-system)
2023-04-23 13:46:03,119 INFO com.hdfc.employee.EmployeeManagementSystemApplication [main] No active profile set, falling back to 1 default profile: "default"
2023-04-23 13:46:04,821 INFO org.springframework.data.repository.config.RepositoryConfigurationDelegate [main] Bootstrapping Spring Data JPA repositories in DEFAULT mode.
2023-04-23 13:46:05,077 INFO org.springframework.data.repository.config.RepositoryConfigurationDelegate [main] Finished Spring Data repository scanning in 186 ms. Found 1 JPA repository interfaces.
2023-04-23 13:46:06,078 INFO org.springframework.boot.web.embedded.tomcat.TomcatWebServer [main] Tomcat initialized with port(s): 7500 (https)
2023-04-23 13:46:06,104 INFO org.apache.catalina.core.StandardService [main] Starting service [Tomcat]
2023-04-23 13:46:06,105 INFO org.apache.catalina.core.StandardEngine [main] Starting Servlet engine: [Apache Tomcat/9.0.74]
2023-04-23 13:46:06,356 INFO org.apache.catalina.core.ContainerBase.[Tomcat].[localhost].[/] [main] Initializing Spring embedded WebApplicationContext
2023-04-23 13:46:06,357 INFO org.springframework.boot.web.servlet.context.ServletWebServerApplicationContext [main] Root WebApplicationContext: initialization completed in 3169 ms
2023-04-23 13:46:06,903 INFO org.hibernate.jpa.internal.util.LogHelper [main] HHH000204: Processing PersistenceUnitInfo [name: default]
2023-04-23 13:46:07,036 INFO org.hibernate.Version [main] HHH000412: Hibernate ORM core version 5.6.15.Final
2023-04-23 13:46:07,402 INFO org.hibernate.annotations.common.Version [main] HCANN000001: Hibernate Commons Annotations {5.1.2.Final}
2023-04-23 13:46:07,638 INFO com.zaxxer.hikari.HikariDataSource [main] HikariPool-1 - Starting...
2023-04-23 13:46:08,142 INFO com.zaxxer.hikari.HikariDataSource [main] HikariPool-1 - Start completed.
2023-04-23 13:46:08,197 INFO org.hibernate.dialect.Dialect [main] HHH000400: Using dialect: org.hibernate.dialect.MySQL55Dialect
2023-04-23 13:46:09,101 INFO org.hibernate.engine.transaction.jta.platform.internal.JtaPlatformInitiator [main] HHH000490: Using JtaPlatform implementation: [org.hibernate.engine.transaction.jta.platform.internal.NoJtaPlatform]
2023-04-23 13:46:09,145 INFO org.springframework.orm.jpa.LocalContainerEntityManagerFactoryBean [main] Initialized JPA EntityManagerFactory for persistence unit 'default'
2023-04-23 13:46:09,746 WARN org.springframework.boot.autoconfigure.orm.jpa.JpaBaseConfiguration$JpaWebConfiguration [main] spring.jpa.open-in-view is enabled by default. Therefore, database queries may be performed during view rendering. Explicitly configure spring.jpa.open-in-view to disable this warning
2023-04-23 13:46:10,850 INFO org.apache.tomcat.util.net.NioEndpoint.certificate [main] Connector [https-jsse-nio-7500], TLS virtual host [_default_], certificate type [UNDEFINED] configured from [file:/D:/HDFC_Training/Capstone/employee-management-system/bin/main/keystore.p12] using alias [keystore] and with trust store [null]
2023-04-23 13:46:10,923 INFO org.springframework.boot.web.embedded.tomcat.TomcatWebServer [main] Tomcat started on port(s): 7500 (https) with context path ''
2023-04-23 13:46:10,954 INFO com.hdfc.employee.EmployeeManagementSystemApplication [main] Started EmployeeManagementSystemApplication in 8.425 seconds (JVM running for 9.95)
2023-04-23 13:46:46,292 INFO org.apache.catalina.core.ContainerBase.[Tomcat].[localhost].[/] [https-jsse-nio-7500-exec-6] Initializing Spring DispatcherServlet 'dispatcherServlet'
2023-04-23 13:46:46,293 INFO org.springframework.web.servlet.DispatcherServlet [https-jsse-nio-7500-exec-6] Initializing Servlet 'dispatcherServlet'
2023-04-23 13:46:46,294 INFO org.springframework.web.servlet.DispatcherServlet [https-jsse-nio-7500-exec-6] Completed initialization in 1 ms
2023-04-23 13:46:46,418 INFO com.hdfc.employee.controller.EmployeeController [https-jsse-nio-7500-exec-6] getByEmployeeId : 1 called.......................................
2023-04-23 13:46:53,829 INFO com.hdfc.employee.controller.EmployeeController [https-jsse-nio-7500-exec-8] getByEmployeeId : 2 called.......................................
2023-04-23 13:46:59,684 INFO com.hdfc.employee.controller.EmployeeController [https-jsse-nio-7500-exec-4] getByEmployeeId : 3 called.......................................
2023-04-23 13:47:17,629 INFO com.hdfc.employee.controller.EmployeeController [https-jsse-nio-7500-exec-9] getByEmployeeId : 2 called.......................................
2023-04-23 13:48:22,714 INFO com.hdfc.employee.controller.EmployeeController [https-jsse-nio-7500-exec-7] getByEmployeeId : 1 called.......................................
2023-04-23 13:48:47,780 INFO com.hdfc.employee.controller.EmployeeController [https-jsse-nio-7500-exec-4] getByEmployeeId : 5 called.......................................
2023-04-23 14:32:03,673 WARN com.zaxxer.hikari.pool.HikariPool [HikariPool-1 housekeeper] HikariPool-1 - Thread starvation or clock leap detected (housekeeper delta=26m25s363ms586µs500ns).
2023-04-23 16:16:23,867 WARN com.zaxxer.hikari.pool.HikariPool [HikariPool-1 housekeeper] HikariPool-1 - Thread starvation or clock leap detected (housekeeper delta=1h18m19s853ms687µs100ns).
2023-04-23 16:50:37,487 WARN com.zaxxer.hikari.pool.HikariPool [HikariPool-1 housekeeper] HikariPool-1 - Thread starvation or clock leap detected (housekeeper delta=17m13s346ms300µs600ns).
2023-04-23 18:08:36,075 WARN com.zaxxer.hikari.pool.HikariPool [HikariPool-1 housekeeper] HikariPool-1 - Thread starvation or clock leap detected (housekeeper delta=1h15m58s566ms910µs500ns).
