2023-04-22 11:37:26,024 INFO com.hdfc.employee.controller.EmployeeController [https-jsse-nio-7500-exec-6] Web service called
2023-04-22 11:37:28,386 INFO com.hdfc.employee.controller.EmployeeController [https-jsse-nio-7500-exec-5] Web service called
2023-04-22 11:37:30,024 INFO com.hdfc.employee.controller.EmployeeController [https-jsse-nio-7500-exec-3] Web service called
2023-04-22 11:37:32,954 INFO com.hdfc.employee.controller.EmployeeController [https-jsse-nio-7500-exec-9] Web service called
2023-04-22 11:37:37,565 INFO com.hdfc.employee.controller.EmployeeController [https-jsse-nio-7500-exec-10] Web service called
2023-04-22 11:43:03,431 INFO com.hdfc.employee.controller.EmployeeController [https-jsse-nio-7500-exec-6] Web service called
2023-04-22 11:43:07,602 INFO com.hdfc.employee.controller.EmployeeController [https-jsse-nio-7500-exec-2] Web service called
2023-04-22 11:43:10,146 INFO com.hdfc.employee.controller.EmployeeController [https-jsse-nio-7500-exec-8] Web service called
2023-04-22 11:43:13,531 INFO com.hdfc.employee.controller.EmployeeController [https-jsse-nio-7500-exec-9] Web service called
2023-04-22 12:57:34,966 INFO com.hdfc.employee.controller.EmployeeController [https-jsse-nio-7500-exec-5] Web service called
2023-04-22 13:13:15,516 INFO com.hdfc.employee.controller.EmployeeController [https-jsse-nio-7500-exec-2] Web service called
2023-04-22 13:13:22,041 INFO com.hdfc.employee.controller.EmployeeController [https-jsse-nio-7500-exec-1] Web service called
2023-04-22 13:13:26,649 INFO com.hdfc.employee.controller.EmployeeController [https-jsse-nio-7500-exec-4] Web service called
2023-04-22 13:17:16,434 INFO com.hdfc.employee.controller.EmployeeController [https-jsse-nio-7500-exec-3] Web service called
2023-04-22 13:17:22,292 INFO com.hdfc.employee.controller.EmployeeController [https-jsse-nio-7500-exec-2] Web service called
2023-04-22 14:09:32,963 INFO org.springframework.boot.admin.SpringApplicationAdminMXBeanRegistrar$SpringApplicationAdmin [RMI TCP Connection(159)-127.0.0.1] Application shutdown requested.
2023-04-22 14:09:33,744 INFO org.apache.catalina.core.StandardService [RMI TCP Connection(159)-127.0.0.1] Stopping service [Tomcat]
2023-04-22 14:09:33,990 INFO org.apache.catalina.core.ContainerBase.[Tomcat].[localhost].[/] [RMI TCP Connection(159)-127.0.0.1] Destroying Spring FrameworkServlet 'dispatcherServlet'
2023-04-22 14:09:34,640 INFO org.springframework.orm.jpa.LocalContainerEntityManagerFactoryBean [RMI TCP Connection(159)-127.0.0.1] Closing JPA EntityManagerFactory for persistence unit 'default'
2023-04-22 14:09:34,904 INFO com.zaxxer.hikari.HikariDataSource [RMI TCP Connection(159)-127.0.0.1] HikariPool-1 - Shutdown initiated...
2023-04-22 14:09:34,999 INFO com.zaxxer.hikari.HikariDataSource [RMI TCP Connection(159)-127.0.0.1] HikariPool-1 - Shutdown completed.
2023-04-22 14:11:09,724 INFO com.hdfc.employee.EmployeeManagementSystemApplication [main] Starting EmployeeManagementSystemApplication using Java 17.0.6 on DESKTOP-OLE59UD with PID 828 (D:\HDFC_Training\Capstone\employee-management-system\bin\main started by gnave in D:\HDFC_Training\Capstone\employee-management-system)
2023-04-22 14:11:09,727 INFO com.hdfc.employee.EmployeeManagementSystemApplication [main] No active profile set, falling back to 1 default profile: "default"
2023-04-22 14:11:10,985 INFO org.springframework.data.repository.config.RepositoryConfigurationDelegate [main] Bootstrapping Spring Data JPA repositories in DEFAULT mode.
2023-04-22 14:11:11,166 INFO org.springframework.data.repository.config.RepositoryConfigurationDelegate [main] Finished Spring Data repository scanning in 107 ms. Found 1 JPA repository interfaces.
2023-04-22 14:11:12,162 INFO org.springframework.boot.web.embedded.tomcat.TomcatWebServer [main] Tomcat initialized with port(s): 7500 (https)
2023-04-22 14:11:12,184 INFO org.apache.catalina.core.StandardService [main] Starting service [Tomcat]
2023-04-22 14:11:12,185 INFO org.apache.catalina.core.StandardEngine [main] Starting Servlet engine: [Apache Tomcat/9.0.74]
2023-04-22 14:11:12,410 INFO org.apache.catalina.core.ContainerBase.[Tomcat].[localhost].[/] [main] Initializing Spring embedded WebApplicationContext
2023-04-22 14:11:12,410 INFO org.springframework.boot.web.servlet.context.ServletWebServerApplicationContext [main] Root WebApplicationContext: initialization completed in 2629 ms
2023-04-22 14:11:12,806 INFO org.hibernate.jpa.internal.util.LogHelper [main] HHH000204: Processing PersistenceUnitInfo [name: default]
2023-04-22 14:11:12,953 INFO org.hibernate.Version [main] HHH000412: Hibernate ORM core version 5.6.15.Final
2023-04-22 14:11:13,293 INFO org.hibernate.annotations.common.Version [main] HCANN000001: Hibernate Commons Annotations {5.1.2.Final}
2023-04-22 14:11:13,471 INFO com.zaxxer.hikari.HikariDataSource [main] HikariPool-1 - Starting...
2023-04-22 14:11:13,869 INFO com.zaxxer.hikari.HikariDataSource [main] HikariPool-1 - Start completed.
2023-04-22 14:11:13,914 INFO org.hibernate.dialect.Dialect [main] HHH000400: Using dialect: org.hibernate.dialect.MySQL55Dialect
