2023-04-24 12:55:57,736 INFO com.hdfc.capstone.ems.EmployeeManagementSystemApplication [main] Starting EmployeeManagementSystemApplication using Java 17.0.6 on DESKTOP-OLE59UD with PID 7212 (D:\HDFC_Training\Capstone\employee-management-system\bin\main started by gnave in D:\HDFC_Training\Capstone\employee-management-system)
2023-04-24 12:55:57,742 INFO com.hdfc.capstone.ems.EmployeeManagementSystemApplication [main] No active profile set, falling back to 1 default profile: "default"
2023-04-24 12:55:59,891 INFO org.springframework.data.repository.config.RepositoryConfigurationDelegate [main] Bootstrapping Spring Data JPA repositories in DEFAULT mode.
2023-04-24 12:56:00,038 INFO org.springframework.data.repository.config.RepositoryConfigurationDelegate [main] Finished Spring Data repository scanning in 104 ms. Found 1 JPA repository interfaces.
2023-04-24 12:56:01,357 INFO org.springframework.boot.web.embedded.tomcat.TomcatWebServer [main] Tomcat initialized with port(s): 7500 (https)
2023-04-24 12:56:01,401 INFO org.apache.catalina.core.StandardService [main] Starting service [Tomcat]
2023-04-24 12:56:01,402 INFO org.apache.catalina.core.StandardEngine [main] Starting Servlet engine: [Apache Tomcat/9.0.74]
2023-04-24 12:56:01,606 INFO org.apache.catalina.core.ContainerBase.[Tomcat].[localhost].[/] [main] Initializing Spring embedded WebApplicationContext
2023-04-24 12:56:01,606 INFO org.springframework.boot.web.servlet.context.ServletWebServerApplicationContext [main] Root WebApplicationContext: initialization completed in 3740 ms
2023-04-24 12:56:02,275 INFO org.hibernate.jpa.internal.util.LogHelper [main] HHH000204: Processing PersistenceUnitInfo [name: default]
2023-04-24 12:56:02,453 INFO org.hibernate.Version [main] HHH000412: Hibernate ORM core version 5.6.15.Final
2023-04-24 12:56:02,872 INFO org.hibernate.annotations.common.Version [main] HCANN000001: Hibernate Commons Annotations {5.1.2.Final}
2023-04-24 12:56:03,033 INFO com.zaxxer.hikari.HikariDataSource [main] HikariPool-1 - Starting...
2023-04-24 12:56:03,402 INFO com.zaxxer.hikari.HikariDataSource [main] HikariPool-1 - Start completed.
2023-04-24 12:56:03,448 INFO org.hibernate.dialect.Dialect [main] HHH000400: Using dialect: org.hibernate.dialect.MySQL55Dialect
2023-04-24 12:56:04,300 INFO org.hibernate.engine.transaction.jta.platform.internal.JtaPlatformInitiator [main] HHH000490: Using JtaPlatform implementation: [org.hibernate.engine.transaction.jta.platform.internal.NoJtaPlatform]
2023-04-24 12:56:04,353 INFO org.springframework.orm.jpa.LocalContainerEntityManagerFactoryBean [main] Initialized JPA EntityManagerFactory for persistence unit 'default'
2023-04-24 12:56:04,900 WARN org.springframework.boot.autoconfigure.orm.jpa.JpaBaseConfiguration$JpaWebConfiguration [main] spring.jpa.open-in-view is enabled by default. Therefore, database queries may be performed during view rendering. Explicitly configure spring.jpa.open-in-view to disable this warning
2023-04-24 12:56:06,088 INFO org.apache.tomcat.util.net.NioEndpoint.certificate [main] Connector [https-jsse-nio-7500], TLS virtual host [_default_], certificate type [UNDEFINED] configured from [file:/D:/HDFC_Training/Capstone/employee-management-system/bin/main/keystore.p12] using alias [keystore] and with trust store [null]
2023-04-24 12:56:06,237 INFO org.springframework.boot.web.embedded.tomcat.TomcatWebServer [main] Tomcat started on port(s): 7500 (https) with context path ''
2023-04-24 12:56:06,250 INFO com.hdfc.capstone.ems.EmployeeManagementSystemApplication [main] Started EmployeeManagementSystemApplication in 9.816 seconds (JVM running for 14.922)
2023-04-24 12:59:02,168 INFO org.apache.catalina.core.ContainerBase.[Tomcat].[localhost].[/] [https-jsse-nio-7500-exec-9] Initializing Spring DispatcherServlet 'dispatcherServlet'
2023-04-24 12:59:02,169 INFO org.springframework.web.servlet.DispatcherServlet [https-jsse-nio-7500-exec-9] Initializing Servlet 'dispatcherServlet'
2023-04-24 12:59:02,170 INFO org.springframework.web.servlet.DispatcherServlet [https-jsse-nio-7500-exec-9] Completed initialization in 1 ms
2023-04-24 12:59:02,271 INFO com.hdfc.capstone.ems.controller.EmployeeController [https-jsse-nio-7500-exec-9] getByEmployeeId : 2 called.......................................
2023-04-24 12:59:07,910 INFO com.hdfc.capstone.ems.controller.EmployeeController [https-jsse-nio-7500-exec-1] getByEmployeeId : 1 called.......................................
2023-04-24 12:59:13,989 INFO com.hdfc.capstone.ems.controller.EmployeeController [https-jsse-nio-7500-exec-9] getByEmployeeId : 9 called.......................................
2023-04-24 12:59:21,576 INFO com.hdfc.capstone.ems.controller.EmployeeController [https-jsse-nio-7500-exec-3] getByEmployeeId : 10 called.......................................
2023-04-24 13:00:34,785 WARN org.springframework.web.servlet.mvc.support.DefaultHandlerExceptionResolver [https-jsse-nio-7500-exec-5] Resolved [org.springframework.web.method.annotation.MethodArgumentTypeMismatchException: Failed to convert value of type 'java.lang.String' to required type 'long'; nested exception is java.lang.NumberFormatException: For input string: "bharath"]
2023-04-24 13:12:49,150 INFO com.hdfc.capstone.ems.controller.EmployeeController [https-jsse-nio-7500-exec-5] getByEmployeeId : 1 called.......................................
2023-04-24 13:12:55,610 INFO com.hdfc.capstone.ems.controller.EmployeeController [https-jsse-nio-7500-exec-4] getByEmployeeId : 2 called.......................................
2023-04-24 13:12:58,660 INFO com.hdfc.capstone.ems.controller.EmployeeController [https-jsse-nio-7500-exec-9] getByEmployeeId : 10 called.......................................
2023-04-24 13:13:02,942 INFO com.hdfc.capstone.ems.controller.EmployeeController [https-jsse-nio-7500-exec-7] getByEmployeeId : 13 called.......................................
2023-04-24 13:18:40,493 INFO org.springframework.boot.admin.SpringApplicationAdminMXBeanRegistrar$SpringApplicationAdmin [RMI TCP Connection(26)-127.0.0.1] Application shutdown requested.
2023-04-24 13:18:40,508 INFO org.apache.catalina.core.StandardService [RMI TCP Connection(26)-127.0.0.1] Stopping service [Tomcat]
2023-04-24 13:18:40,509 INFO org.apache.catalina.core.ContainerBase.[Tomcat].[localhost].[/] [RMI TCP Connection(26)-127.0.0.1] Destroying Spring FrameworkServlet 'dispatcherServlet'
2023-04-24 13:18:40,523 INFO org.springframework.orm.jpa.LocalContainerEntityManagerFactoryBean [RMI TCP Connection(26)-127.0.0.1] Closing JPA EntityManagerFactory for persistence unit 'default'
2023-04-24 13:18:40,525 INFO com.zaxxer.hikari.HikariDataSource [RMI TCP Connection(26)-127.0.0.1] HikariPool-1 - Shutdown initiated...
2023-04-24 13:18:40,535 INFO com.zaxxer.hikari.HikariDataSource [RMI TCP Connection(26)-127.0.0.1] HikariPool-1 - Shutdown completed.
2023-04-24 13:18:43,606 INFO com.hdfc.capstone.ems.EmployeeManagementSystemApplication [main] Starting EmployeeManagementSystemApplication using Java 17.0.6 on DESKTOP-OLE59UD with PID 12852 (D:\HDFC_Training\Capstone\employee-management-system\bin\main started by gnave in D:\HDFC_Training\Capstone\employee-management-system)
2023-04-24 13:18:43,610 INFO com.hdfc.capstone.ems.EmployeeManagementSystemApplication [main] No active profile set, falling back to 1 default profile: "default"
2023-04-24 13:18:44,306 INFO org.springframework.data.repository.config.RepositoryConfigurationDelegate [main] Bootstrapping Spring Data JPA repositories in DEFAULT mode.
2023-04-24 13:18:44,376 INFO org.springframework.data.repository.config.RepositoryConfigurationDelegate [main] Finished Spring Data repository scanning in 59 ms. Found 1 JPA repository interfaces.
2023-04-24 13:18:44,970 INFO org.springframework.boot.web.embedded.tomcat.TomcatWebServer [main] Tomcat initialized with port(s): 7500 (https)
2023-04-24 13:18:44,984 INFO org.apache.catalina.core.StandardService [main] Starting service [Tomcat]
2023-04-24 13:18:44,985 INFO org.apache.catalina.core.StandardEngine [main] Starting Servlet engine: [Apache Tomcat/9.0.74]
2023-04-24 13:18:45,161 INFO org.apache.catalina.core.ContainerBase.[Tomcat].[localhost].[/] [main] Initializing Spring embedded WebApplicationContext
2023-04-24 13:18:45,162 INFO org.springframework.boot.web.servlet.context.ServletWebServerApplicationContext [main] Root WebApplicationContext: initialization completed in 1492 ms
2023-04-24 13:18:45,377 INFO org.hibernate.jpa.internal.util.LogHelper [main] HHH000204: Processing PersistenceUnitInfo [name: default]
2023-04-24 13:18:45,445 INFO org.hibernate.Version [main] HHH000412: Hibernate ORM core version 5.6.15.Final
2023-04-24 13:18:45,636 INFO org.hibernate.annotations.common.Version [main] HCANN000001: Hibernate Commons Annotations {5.1.2.Final}
2023-04-24 13:18:45,756 INFO com.zaxxer.hikari.HikariDataSource [main] HikariPool-1 - Starting...
2023-04-24 13:18:45,957 INFO com.zaxxer.hikari.HikariDataSource [main] HikariPool-1 - Start completed.
2023-04-24 13:18:45,991 INFO org.hibernate.dialect.Dialect [main] HHH000400: Using dialect: org.hibernate.dialect.MySQL55Dialect
2023-04-24 13:18:46,664 INFO org.hibernate.engine.transaction.jta.platform.internal.JtaPlatformInitiator [main] HHH000490: Using JtaPlatform implementation: [org.hibernate.engine.transaction.jta.platform.internal.NoJtaPlatform]
2023-04-24 13:18:46,678 INFO org.springframework.orm.jpa.LocalContainerEntityManagerFactoryBean [main] Initialized JPA EntityManagerFactory for persistence unit 'default'
2023-04-24 13:18:46,993 WARN org.springframework.boot.autoconfigure.orm.jpa.JpaBaseConfiguration$JpaWebConfiguration [main] spring.jpa.open-in-view is enabled by default. Therefore, database queries may be performed during view rendering. Explicitly configure spring.jpa.open-in-view to disable this warning
2023-04-24 13:18:47,859 INFO org.apache.tomcat.util.net.NioEndpoint.certificate [main] Connector [https-jsse-nio-7500], TLS virtual host [_default_], certificate type [UNDEFINED] configured from [file:/D:/HDFC_Training/Capstone/employee-management-system/bin/main/keystore.p12] using alias [keystore] and with trust store [null]
2023-04-24 13:18:47,885 INFO org.springframework.boot.web.embedded.tomcat.TomcatWebServer [main] Tomcat started on port(s): 7500 (https) with context path ''
2023-04-24 13:18:47,897 INFO com.hdfc.capstone.ems.EmployeeManagementSystemApplication [main] Started EmployeeManagementSystemApplication in 4.731 seconds (JVM running for 5.759)
2023-04-24 13:18:57,928 INFO org.apache.catalina.core.ContainerBase.[Tomcat].[localhost].[/] [https-jsse-nio-7500-exec-7] Initializing Spring DispatcherServlet 'dispatcherServlet'
2023-04-24 13:18:57,928 INFO org.springframework.web.servlet.DispatcherServlet [https-jsse-nio-7500-exec-7] Initializing Servlet 'dispatcherServlet'
2023-04-24 13:18:57,929 INFO org.springframework.web.servlet.DispatcherServlet [https-jsse-nio-7500-exec-7] Completed initialization in 1 ms
2023-04-24 13:19:06,154 INFO com.hdfc.capstone.ems.controller.EmployeeController [https-jsse-nio-7500-exec-1] getByEmployeeId : 3 called.......................................
2023-04-24 13:19:10,601 INFO com.hdfc.capstone.ems.controller.EmployeeController [https-jsse-nio-7500-exec-9] getByEmployeeId : 4 called.......................................
2023-04-24 13:19:15,139 INFO com.hdfc.capstone.ems.controller.EmployeeController [https-jsse-nio-7500-exec-10] getByEmployeeId : 6 called.......................................
2023-04-24 13:19:32,881 INFO com.hdfc.capstone.ems.controller.EmployeeController [https-jsse-nio-7500-exec-5] getByEmployeeId : 11 called.......................................
2023-04-24 13:25:28,729 INFO org.springframework.boot.admin.SpringApplicationAdminMXBeanRegistrar$SpringApplicationAdmin [RMI TCP Connection(10)-127.0.0.1] Application shutdown requested.
2023-04-24 13:25:28,741 INFO org.apache.catalina.core.StandardService [RMI TCP Connection(10)-127.0.0.1] Stopping service [Tomcat]
2023-04-24 13:25:28,743 INFO org.apache.catalina.core.ContainerBase.[Tomcat].[localhost].[/] [RMI TCP Connection(10)-127.0.0.1] Destroying Spring FrameworkServlet 'dispatcherServlet'
2023-04-24 13:25:28,750 INFO org.springframework.orm.jpa.LocalContainerEntityManagerFactoryBean [RMI TCP Connection(10)-127.0.0.1] Closing JPA EntityManagerFactory for persistence unit 'default'
2023-04-24 13:25:28,753 INFO com.zaxxer.hikari.HikariDataSource [RMI TCP Connection(10)-127.0.0.1] HikariPool-1 - Shutdown initiated...
2023-04-24 13:25:28,762 INFO com.zaxxer.hikari.HikariDataSource [RMI TCP Connection(10)-127.0.0.1] HikariPool-1 - Shutdown completed.
2023-04-24 13:25:31,027 INFO com.hdfc.capstone.ems.EmployeeManagementSystemApplication [main] Starting EmployeeManagementSystemApplication using Java 17.0.6 on DESKTOP-OLE59UD with PID 2860 (D:\HDFC_Training\Capstone\employee-management-system\bin\main started by gnave in D:\HDFC_Training\Capstone\employee-management-system)
2023-04-24 13:25:31,031 INFO com.hdfc.capstone.ems.EmployeeManagementSystemApplication [main] No active profile set, falling back to 1 default profile: "default"
2023-04-24 13:25:31,817 INFO org.springframework.data.repository.config.RepositoryConfigurationDelegate [main] Bootstrapping Spring Data JPA repositories in DEFAULT mode.
2023-04-24 13:25:31,879 INFO org.springframework.data.repository.config.RepositoryConfigurationDelegate [main] Finished Spring Data repository scanning in 51 ms. Found 1 JPA repository interfaces.
2023-04-24 13:25:32,553 INFO org.springframework.boot.web.embedded.tomcat.TomcatWebServer [main] Tomcat initialized with port(s): 7500 (https)
2023-04-24 13:25:32,570 INFO org.apache.catalina.core.StandardService [main] Starting service [Tomcat]
2023-04-24 13:25:32,570 INFO org.apache.catalina.core.StandardEngine [main] Starting Servlet engine: [Apache Tomcat/9.0.74]
2023-04-24 13:25:32,749 INFO org.apache.catalina.core.ContainerBase.[Tomcat].[localhost].[/] [main] Initializing Spring embedded WebApplicationContext
2023-04-24 13:25:32,750 INFO org.springframework.boot.web.servlet.context.ServletWebServerApplicationContext [main] Root WebApplicationContext: initialization completed in 1656 ms
2023-04-24 13:25:32,991 INFO org.hibernate.jpa.internal.util.LogHelper [main] HHH000204: Processing PersistenceUnitInfo [name: default]
2023-04-24 13:25:33,052 INFO org.hibernate.Version [main] HHH000412: Hibernate ORM core version 5.6.15.Final
2023-04-24 13:25:33,275 INFO org.hibernate.annotations.common.Version [main] HCANN000001: Hibernate Commons Annotations {5.1.2.Final}
2023-04-24 13:25:33,402 INFO com.zaxxer.hikari.HikariDataSource [main] HikariPool-1 - Starting...
2023-04-24 13:25:33,610 INFO com.zaxxer.hikari.HikariDataSource [main] HikariPool-1 - Start completed.
2023-04-24 13:25:33,646 INFO org.hibernate.dialect.Dialect [main] HHH000400: Using dialect: org.hibernate.dialect.MySQL55Dialect
2023-04-24 13:25:34,376 INFO org.hibernate.engine.transaction.jta.platform.internal.JtaPlatformInitiator [main] HHH000490: Using JtaPlatform implementation: [org.hibernate.engine.transaction.jta.platform.internal.NoJtaPlatform]
2023-04-24 13:25:34,390 INFO org.springframework.orm.jpa.LocalContainerEntityManagerFactoryBean [main] Initialized JPA EntityManagerFactory for persistence unit 'default'
2023-04-24 13:25:34,752 WARN org.springframework.boot.autoconfigure.orm.jpa.JpaBaseConfiguration$JpaWebConfiguration [main] spring.jpa.open-in-view is enabled by default. Therefore, database queries may be performed during view rendering. Explicitly configure spring.jpa.open-in-view to disable this warning
2023-04-24 13:25:35,585 INFO org.apache.tomcat.util.net.NioEndpoint.certificate [main] Connector [https-jsse-nio-7500], TLS virtual host [_default_], certificate type [UNDEFINED] configured from [file:/D:/HDFC_Training/Capstone/employee-management-system/bin/main/keystore.p12] using alias [keystore] and with trust store [null]
2023-04-24 13:25:35,611 INFO org.springframework.boot.web.embedded.tomcat.TomcatWebServer [main] Tomcat started on port(s): 7500 (https) with context path ''
2023-04-24 13:25:35,624 INFO com.hdfc.capstone.ems.EmployeeManagementSystemApplication [main] Started EmployeeManagementSystemApplication in 5.046 seconds (JVM running for 6.197)
2023-04-24 13:25:48,916 INFO org.apache.catalina.core.ContainerBase.[Tomcat].[localhost].[/] [https-jsse-nio-7500-exec-4] Initializing Spring DispatcherServlet 'dispatcherServlet'
2023-04-24 13:25:48,917 INFO org.springframework.web.servlet.DispatcherServlet [https-jsse-nio-7500-exec-4] Initializing Servlet 'dispatcherServlet'
2023-04-24 13:25:48,918 INFO org.springframework.web.servlet.DispatcherServlet [https-jsse-nio-7500-exec-4] Completed initialization in 1 ms
2023-04-24 13:25:52,780 INFO com.hdfc.capstone.ems.controller.EmployeeController [https-jsse-nio-7500-exec-10] getByEmployeeId : 23 called.......................................
2023-04-24 13:31:05,769 INFO org.springframework.boot.admin.SpringApplicationAdminMXBeanRegistrar$SpringApplicationAdmin [RMI TCP Connection(9)-127.0.0.1] Application shutdown requested.
2023-04-24 13:31:05,781 INFO org.apache.catalina.core.StandardService [RMI TCP Connection(9)-127.0.0.1] Stopping service [Tomcat]
2023-04-24 13:31:05,782 INFO org.apache.catalina.core.ContainerBase.[Tomcat].[localhost].[/] [RMI TCP Connection(9)-127.0.0.1] Destroying Spring FrameworkServlet 'dispatcherServlet'
2023-04-24 13:31:05,790 INFO org.springframework.orm.jpa.LocalContainerEntityManagerFactoryBean [RMI TCP Connection(9)-127.0.0.1] Closing JPA EntityManagerFactory for persistence unit 'default'
2023-04-24 13:31:05,793 INFO com.zaxxer.hikari.HikariDataSource [RMI TCP Connection(9)-127.0.0.1] HikariPool-1 - Shutdown initiated...
2023-04-24 13:31:05,801 INFO com.zaxxer.hikari.HikariDataSource [RMI TCP Connection(9)-127.0.0.1] HikariPool-1 - Shutdown completed.
2023-04-24 13:31:08,090 INFO com.hdfc.capstone.ems.EmployeeManagementSystemApplication [main] Starting EmployeeManagementSystemApplication using Java 17.0.6 on DESKTOP-OLE59UD with PID 11864 (D:\HDFC_Training\Capstone\employee-management-system\bin\main started by gnave in D:\HDFC_Training\Capstone\employee-management-system)
2023-04-24 13:31:08,094 INFO com.hdfc.capstone.ems.EmployeeManagementSystemApplication [main] No active profile set, falling back to 1 default profile: "default"
2023-04-24 13:31:08,860 INFO org.springframework.data.repository.config.RepositoryConfigurationDelegate [main] Bootstrapping Spring Data JPA repositories in DEFAULT mode.
2023-04-24 13:31:08,921 INFO org.springframework.data.repository.config.RepositoryConfigurationDelegate [main] Finished Spring Data repository scanning in 50 ms. Found 1 JPA repository interfaces.
2023-04-24 13:31:09,541 INFO org.springframework.boot.web.embedded.tomcat.TomcatWebServer [main] Tomcat initialized with port(s): 7500 (https)
2023-04-24 13:31:09,552 INFO org.apache.catalina.core.StandardService [main] Starting service [Tomcat]
2023-04-24 13:31:09,552 INFO org.apache.catalina.core.StandardEngine [main] Starting Servlet engine: [Apache Tomcat/9.0.74]
2023-04-24 13:31:09,697 INFO org.apache.catalina.core.ContainerBase.[Tomcat].[localhost].[/] [main] Initializing Spring embedded WebApplicationContext
2023-04-24 13:31:09,698 INFO org.springframework.boot.web.servlet.context.ServletWebServerApplicationContext [main] Root WebApplicationContext: initialization completed in 1535 ms
2023-04-24 13:31:09,916 INFO org.hibernate.jpa.internal.util.LogHelper [main] HHH000204: Processing PersistenceUnitInfo [name: default]
2023-04-24 13:31:09,981 INFO org.hibernate.Version [main] HHH000412: Hibernate ORM core version 5.6.15.Final
2023-04-24 13:31:10,179 INFO org.hibernate.annotations.common.Version [main] HCANN000001: Hibernate Commons Annotations {5.1.2.Final}
2023-04-24 13:31:10,317 INFO com.zaxxer.hikari.HikariDataSource [main] HikariPool-1 - Starting...
2023-04-24 13:31:10,543 INFO com.zaxxer.hikari.HikariDataSource [main] HikariPool-1 - Start completed.
2023-04-24 13:31:10,576 INFO org.hibernate.dialect.Dialect [main] HHH000400: Using dialect: org.hibernate.dialect.MySQL55Dialect
2023-04-24 13:31:11,277 INFO org.hibernate.engine.transaction.jta.platform.internal.JtaPlatformInitiator [main] HHH000490: Using JtaPlatform implementation: [org.hibernate.engine.transaction.jta.platform.internal.NoJtaPlatform]
2023-04-24 13:31:11,291 INFO org.springframework.orm.jpa.LocalContainerEntityManagerFactoryBean [main] Initialized JPA EntityManagerFactory for persistence unit 'default'
2023-04-24 13:31:11,630 WARN org.springframework.boot.autoconfigure.orm.jpa.JpaBaseConfiguration$JpaWebConfiguration [main] spring.jpa.open-in-view is enabled by default. Therefore, database queries may be performed during view rendering. Explicitly configure spring.jpa.open-in-view to disable this warning
2023-04-24 13:31:12,373 INFO org.apache.tomcat.util.net.NioEndpoint.certificate [main] Connector [https-jsse-nio-7500], TLS virtual host [_default_], certificate type [UNDEFINED] configured from [file:/D:/HDFC_Training/Capstone/employee-management-system/bin/main/keystore.p12] using alias [keystore] and with trust store [null]
2023-04-24 13:31:12,403 INFO org.springframework.boot.web.embedded.tomcat.TomcatWebServer [main] Tomcat started on port(s): 7500 (https) with context path ''
2023-04-24 13:31:12,418 INFO com.hdfc.capstone.ems.EmployeeManagementSystemApplication [main] Started EmployeeManagementSystemApplication in 4.783 seconds (JVM running for 5.961)
2023-04-24 13:31:12,604 INFO org.apache.catalina.core.ContainerBase.[Tomcat].[localhost].[/] [https-jsse-nio-7500-exec-7] Initializing Spring DispatcherServlet 'dispatcherServlet'
2023-04-24 13:31:12,604 INFO org.springframework.web.servlet.DispatcherServlet [https-jsse-nio-7500-exec-7] Initializing Servlet 'dispatcherServlet'
2023-04-24 13:31:12,605 INFO org.springframework.web.servlet.DispatcherServlet [https-jsse-nio-7500-exec-7] Completed initialization in 1 ms
2023-04-24 13:34:41,025 INFO org.springframework.boot.admin.SpringApplicationAdminMXBeanRegistrar$SpringApplicationAdmin [RMI TCP Connection(8)-127.0.0.1] Application shutdown requested.
2023-04-24 13:34:41,037 INFO org.apache.catalina.core.StandardService [RMI TCP Connection(8)-127.0.0.1] Stopping service [Tomcat]
2023-04-24 13:34:41,038 INFO org.apache.catalina.core.ContainerBase.[Tomcat].[localhost].[/] [RMI TCP Connection(8)-127.0.0.1] Destroying Spring FrameworkServlet 'dispatcherServlet'
2023-04-24 13:34:41,047 INFO org.springframework.orm.jpa.LocalContainerEntityManagerFactoryBean [RMI TCP Connection(8)-127.0.0.1] Closing JPA EntityManagerFactory for persistence unit 'default'
2023-04-24 13:34:41,049 INFO com.zaxxer.hikari.HikariDataSource [RMI TCP Connection(8)-127.0.0.1] HikariPool-1 - Shutdown initiated...
2023-04-24 13:34:41,057 INFO com.zaxxer.hikari.HikariDataSource [RMI TCP Connection(8)-127.0.0.1] HikariPool-1 - Shutdown completed.
2023-04-24 13:34:43,513 INFO com.hdfc.capstone.ems.EmployeeManagementSystemApplication [main] Starting EmployeeManagementSystemApplication using Java 17.0.6 on DESKTOP-OLE59UD with PID 12436 (D:\HDFC_Training\Capstone\employee-management-system\bin\main started by gnave in D:\HDFC_Training\Capstone\employee-management-system)
2023-04-24 13:34:43,516 INFO com.hdfc.capstone.ems.EmployeeManagementSystemApplication [main] No active profile set, falling back to 1 default profile: "default"
2023-04-24 13:34:44,162 INFO org.springframework.data.repository.config.RepositoryConfigurationDelegate [main] Bootstrapping Spring Data JPA repositories in DEFAULT mode.
2023-04-24 13:34:44,229 INFO org.springframework.data.repository.config.RepositoryConfigurationDelegate [main] Finished Spring Data repository scanning in 57 ms. Found 1 JPA repository interfaces.
2023-04-24 13:34:44,793 INFO org.springframework.boot.web.embedded.tomcat.TomcatWebServer [main] Tomcat initialized with port(s): 7500 (https)
2023-04-24 13:34:44,804 INFO org.apache.catalina.core.StandardService [main] Starting service [Tomcat]
2023-04-24 13:34:44,805 INFO org.apache.catalina.core.StandardEngine [main] Starting Servlet engine: [Apache Tomcat/9.0.74]
2023-04-24 13:34:44,944 INFO org.apache.catalina.core.ContainerBase.[Tomcat].[localhost].[/] [main] Initializing Spring embedded WebApplicationContext
2023-04-24 13:34:44,944 INFO org.springframework.boot.web.servlet.context.ServletWebServerApplicationContext [main] Root WebApplicationContext: initialization completed in 1374 ms
2023-04-24 13:34:45,131 INFO org.hibernate.jpa.internal.util.LogHelper [main] HHH000204: Processing PersistenceUnitInfo [name: default]
2023-04-24 13:34:45,186 INFO org.hibernate.Version [main] HHH000412: Hibernate ORM core version 5.6.15.Final
2023-04-24 13:34:45,359 INFO org.hibernate.annotations.common.Version [main] HCANN000001: Hibernate Commons Annotations {5.1.2.Final}
2023-04-24 13:34:45,471 INFO com.zaxxer.hikari.HikariDataSource [main] HikariPool-1 - Starting...
2023-04-24 13:34:45,656 INFO com.zaxxer.hikari.HikariDataSource [main] HikariPool-1 - Start completed.
2023-04-24 13:34:45,688 INFO org.hibernate.dialect.Dialect [main] HHH000400: Using dialect: org.hibernate.dialect.MySQL55Dialect
2023-04-24 13:34:46,330 INFO org.hibernate.engine.transaction.jta.platform.internal.JtaPlatformInitiator [main] HHH000490: Using JtaPlatform implementation: [org.hibernate.engine.transaction.jta.platform.internal.NoJtaPlatform]
2023-04-24 13:34:46,343 INFO org.springframework.orm.jpa.LocalContainerEntityManagerFactoryBean [main] Initialized JPA EntityManagerFactory for persistence unit 'default'
2023-04-24 13:34:46,643 WARN org.springframework.boot.autoconfigure.orm.jpa.JpaBaseConfiguration$JpaWebConfiguration [main] spring.jpa.open-in-view is enabled by default. Therefore, database queries may be performed during view rendering. Explicitly configure spring.jpa.open-in-view to disable this warning
2023-04-24 13:34:47,311 INFO org.apache.tomcat.util.net.NioEndpoint.certificate [main] Connector [https-jsse-nio-7500], TLS virtual host [_default_], certificate type [UNDEFINED] configured from [file:/D:/HDFC_Training/Capstone/employee-management-system/bin/main/keystore.p12] using alias [keystore] and with trust store [null]
2023-04-24 13:34:47,334 INFO org.springframework.boot.web.embedded.tomcat.TomcatWebServer [main] Tomcat started on port(s): 7500 (https) with context path ''
2023-04-24 13:34:47,344 INFO com.hdfc.capstone.ems.EmployeeManagementSystemApplication [main] Started EmployeeManagementSystemApplication in 4.233 seconds (JVM running for 5.235)
2023-04-24 13:35:00,811 INFO org.apache.catalina.core.ContainerBase.[Tomcat].[localhost].[/] [https-jsse-nio-7500-exec-3] Initializing Spring DispatcherServlet 'dispatcherServlet'
2023-04-24 13:35:00,811 INFO org.springframework.web.servlet.DispatcherServlet [https-jsse-nio-7500-exec-3] Initializing Servlet 'dispatcherServlet'
2023-04-24 13:35:00,812 INFO org.springframework.web.servlet.DispatcherServlet [https-jsse-nio-7500-exec-3] Completed initialization in 1 ms
2023-04-24 13:35:19,566 INFO com.hdfc.capstone.ems.controller.EmployeeController [https-jsse-nio-7500-exec-3] getByEmployeeId : 2 called.......................................
2023-04-24 13:35:53,019 INFO org.springframework.boot.admin.SpringApplicationAdminMXBeanRegistrar$SpringApplicationAdmin [RMI TCP Connection(3)-127.0.0.1] Application shutdown requested.
2023-04-24 13:35:53,032 INFO org.apache.catalina.core.StandardService [RMI TCP Connection(3)-127.0.0.1] Stopping service [Tomcat]
2023-04-24 13:35:53,034 INFO org.apache.catalina.core.ContainerBase.[Tomcat].[localhost].[/] [RMI TCP Connection(3)-127.0.0.1] Destroying Spring FrameworkServlet 'dispatcherServlet'
2023-04-24 13:35:53,042 INFO org.springframework.orm.jpa.LocalContainerEntityManagerFactoryBean [RMI TCP Connection(3)-127.0.0.1] Closing JPA EntityManagerFactory for persistence unit 'default'
2023-04-24 13:35:53,044 INFO com.zaxxer.hikari.HikariDataSource [RMI TCP Connection(3)-127.0.0.1] HikariPool-1 - Shutdown initiated...
2023-04-24 13:35:53,052 INFO com.zaxxer.hikari.HikariDataSource [RMI TCP Connection(3)-127.0.0.1] HikariPool-1 - Shutdown completed.
2023-04-24 13:35:55,124 INFO com.hdfc.capstone.ems.EmployeeManagementSystemApplication [main] Starting EmployeeManagementSystemApplication using Java 17.0.6 on DESKTOP-OLE59UD with PID 8140 (D:\HDFC_Training\Capstone\employee-management-system\bin\main started by gnave in D:\HDFC_Training\Capstone\employee-management-system)
2023-04-24 13:35:55,127 INFO com.hdfc.capstone.ems.EmployeeManagementSystemApplication [main] No active profile set, falling back to 1 default profile: "default"
2023-04-24 13:35:55,784 INFO org.springframework.data.repository.config.RepositoryConfigurationDelegate [main] Bootstrapping Spring Data JPA repositories in DEFAULT mode.
2023-04-24 13:35:55,840 INFO org.springframework.data.repository.config.RepositoryConfigurationDelegate [main] Finished Spring Data repository scanning in 47 ms. Found 1 JPA repository interfaces.
2023-04-24 13:35:56,386 INFO org.springframework.boot.web.embedded.tomcat.TomcatWebServer [main] Tomcat initialized with port(s): 7500 (https)
2023-04-24 13:35:56,399 INFO org.apache.catalina.core.StandardService [main] Starting service [Tomcat]
2023-04-24 13:35:56,400 INFO org.apache.catalina.core.StandardEngine [main] Starting Servlet engine: [Apache Tomcat/9.0.74]
2023-04-24 13:35:56,550 INFO org.apache.catalina.core.ContainerBase.[Tomcat].[localhost].[/] [main] Initializing Spring embedded WebApplicationContext
2023-04-24 13:35:56,550 INFO org.springframework.boot.web.servlet.context.ServletWebServerApplicationContext [main] Root WebApplicationContext: initialization completed in 1369 ms
2023-04-24 13:35:56,729 INFO org.hibernate.jpa.internal.util.LogHelper [main] HHH000204: Processing PersistenceUnitInfo [name: default]
2023-04-24 13:35:56,779 INFO org.hibernate.Version [main] HHH000412: Hibernate ORM core version 5.6.15.Final
2023-04-24 13:35:56,958 INFO org.hibernate.annotations.common.Version [main] HCANN000001: Hibernate Commons Annotations {5.1.2.Final}
2023-04-24 13:35:57,065 INFO com.zaxxer.hikari.HikariDataSource [main] HikariPool-1 - Starting...
2023-04-24 13:35:57,236 INFO com.zaxxer.hikari.HikariDataSource [main] HikariPool-1 - Start completed.
2023-04-24 13:35:57,262 INFO org.hibernate.dialect.Dialect [main] HHH000400: Using dialect: org.hibernate.dialect.MySQL55Dialect
2023-04-24 13:35:57,932 INFO org.hibernate.engine.transaction.jta.platform.internal.JtaPlatformInitiator [main] HHH000490: Using JtaPlatform implementation: [org.hibernate.engine.transaction.jta.platform.internal.NoJtaPlatform]
2023-04-24 13:35:57,944 INFO org.springframework.orm.jpa.LocalContainerEntityManagerFactoryBean [main] Initialized JPA EntityManagerFactory for persistence unit 'default'
2023-04-24 13:35:58,246 WARN org.springframework.boot.autoconfigure.orm.jpa.JpaBaseConfiguration$JpaWebConfiguration [main] spring.jpa.open-in-view is enabled by default. Therefore, database queries may be performed during view rendering. Explicitly configure spring.jpa.open-in-view to disable this warning
2023-04-24 13:35:58,937 INFO org.apache.tomcat.util.net.NioEndpoint.certificate [main] Connector [https-jsse-nio-7500], TLS virtual host [_default_], certificate type [UNDEFINED] configured from [file:/D:/HDFC_Training/Capstone/employee-management-system/bin/main/keystore.p12] using alias [keystore] and with trust store [null]
2023-04-24 13:35:58,957 INFO org.springframework.boot.web.embedded.tomcat.TomcatWebServer [main] Tomcat started on port(s): 7500 (https) with context path ''
2023-04-24 13:35:58,967 INFO com.hdfc.capstone.ems.EmployeeManagementSystemApplication [main] Started EmployeeManagementSystemApplication in 4.248 seconds (JVM running for 5.248)
2023-04-24 13:36:19,266 INFO org.springframework.boot.admin.SpringApplicationAdminMXBeanRegistrar$SpringApplicationAdmin [RMI TCP Connection(2)-127.0.0.1] Application shutdown requested.
2023-04-24 13:36:19,279 INFO org.apache.catalina.core.StandardService [RMI TCP Connection(2)-127.0.0.1] Stopping service [Tomcat]
2023-04-24 13:36:19,288 INFO org.springframework.orm.jpa.LocalContainerEntityManagerFactoryBean [RMI TCP Connection(2)-127.0.0.1] Closing JPA EntityManagerFactory for persistence unit 'default'
2023-04-24 13:36:19,290 INFO com.zaxxer.hikari.HikariDataSource [RMI TCP Connection(2)-127.0.0.1] HikariPool-1 - Shutdown initiated...
2023-04-24 13:36:19,300 INFO com.zaxxer.hikari.HikariDataSource [RMI TCP Connection(2)-127.0.0.1] HikariPool-1 - Shutdown completed.
2023-04-24 13:36:21,186 INFO com.hdfc.capstone.ems.EmployeeManagementSystemApplication [main] Starting EmployeeManagementSystemApplication using Java 17.0.6 on DESKTOP-OLE59UD with PID 8816 (D:\HDFC_Training\Capstone\employee-management-system\bin\main started by gnave in D:\HDFC_Training\Capstone\employee-management-system)
2023-04-24 13:36:21,189 INFO com.hdfc.capstone.ems.EmployeeManagementSystemApplication [main] No active profile set, falling back to 1 default profile: "default"
2023-04-24 13:36:21,889 INFO org.springframework.data.repository.config.RepositoryConfigurationDelegate [main] Bootstrapping Spring Data JPA repositories in DEFAULT mode.
2023-04-24 13:36:21,949 INFO org.springframework.data.repository.config.RepositoryConfigurationDelegate [main] Finished Spring Data repository scanning in 48 ms. Found 1 JPA repository interfaces.
2023-04-24 13:36:22,525 INFO org.springframework.boot.web.embedded.tomcat.TomcatWebServer [main] Tomcat initialized with port(s): 7500 (https)
2023-04-24 13:36:22,536 INFO org.apache.catalina.core.StandardService [main] Starting service [Tomcat]
2023-04-24 13:36:22,536 INFO org.apache.catalina.core.StandardEngine [main] Starting Servlet engine: [Apache Tomcat/9.0.74]
2023-04-24 13:36:22,682 INFO org.apache.catalina.core.ContainerBase.[Tomcat].[localhost].[/] [main] Initializing Spring embedded WebApplicationContext
2023-04-24 13:36:22,682 INFO org.springframework.boot.web.servlet.context.ServletWebServerApplicationContext [main] Root WebApplicationContext: initialization completed in 1430 ms
2023-04-24 13:36:22,891 INFO org.hibernate.jpa.internal.util.LogHelper [main] HHH000204: Processing PersistenceUnitInfo [name: default]
2023-04-24 13:36:22,951 INFO org.hibernate.Version [main] HHH000412: Hibernate ORM core version 5.6.15.Final
2023-04-24 13:36:23,133 INFO org.hibernate.annotations.common.Version [main] HCANN000001: Hibernate Commons Annotations {5.1.2.Final}
2023-04-24 13:36:23,248 INFO com.zaxxer.hikari.HikariDataSource [main] HikariPool-1 - Starting...
2023-04-24 13:36:23,431 INFO com.zaxxer.hikari.HikariDataSource [main] HikariPool-1 - Start completed.
2023-04-24 13:36:23,462 INFO org.hibernate.dialect.Dialect [main] HHH000400: Using dialect: org.hibernate.dialect.MySQL55Dialect
2023-04-24 13:36:24,065 INFO org.hibernate.engine.transaction.jta.platform.internal.JtaPlatformInitiator [main] HHH000490: Using JtaPlatform implementation: [org.hibernate.engine.transaction.jta.platform.internal.NoJtaPlatform]
2023-04-24 13:36:24,077 INFO org.springframework.orm.jpa.LocalContainerEntityManagerFactoryBean [main] Initialized JPA EntityManagerFactory for persistence unit 'default'
2023-04-24 13:36:24,383 WARN org.springframework.boot.autoconfigure.orm.jpa.JpaBaseConfiguration$JpaWebConfiguration [main] spring.jpa.open-in-view is enabled by default. Therefore, database queries may be performed during view rendering. Explicitly configure spring.jpa.open-in-view to disable this warning
2023-04-24 13:36:25,090 INFO org.apache.tomcat.util.net.NioEndpoint.certificate [main] Connector [https-jsse-nio-7500], TLS virtual host [_default_], certificate type [UNDEFINED] configured from [file:/D:/HDFC_Training/Capstone/employee-management-system/bin/main/keystore.p12] using alias [keystore] and with trust store [null]
2023-04-24 13:36:25,117 INFO org.springframework.boot.web.embedded.tomcat.TomcatWebServer [main] Tomcat started on port(s): 7500 (https) with context path ''
2023-04-24 13:36:25,127 INFO com.hdfc.capstone.ems.EmployeeManagementSystemApplication [main] Started EmployeeManagementSystemApplication in 4.386 seconds (JVM running for 5.326)
2023-04-24 13:37:51,785 INFO org.apache.catalina.core.ContainerBase.[Tomcat].[localhost].[/] [https-jsse-nio-7500-exec-4] Initializing Spring DispatcherServlet 'dispatcherServlet'
2023-04-24 13:37:51,785 INFO org.springframework.web.servlet.DispatcherServlet [https-jsse-nio-7500-exec-4] Initializing Servlet 'dispatcherServlet'
2023-04-24 13:37:51,786 INFO org.springframework.web.servlet.DispatcherServlet [https-jsse-nio-7500-exec-4] Completed initialization in 1 ms
2023-04-24 13:37:51,828 INFO com.hdfc.capstone.ems.controller.EmployeeController [https-jsse-nio-7500-exec-4] getByEmployeeId : 2 called.......................................
2023-04-24 13:38:15,107 INFO com.hdfc.capstone.ems.controller.EmployeeController [https-jsse-nio-7500-exec-9] getByEmployeeId : 2 called.......................................
2023-04-24 13:42:33,015 INFO org.springframework.boot.admin.SpringApplicationAdminMXBeanRegistrar$SpringApplicationAdmin [RMI TCP Connection(8)-127.0.0.1] Application shutdown requested.
2023-04-24 13:42:33,033 INFO org.apache.catalina.core.StandardService [RMI TCP Connection(8)-127.0.0.1] Stopping service [Tomcat]
2023-04-24 13:42:33,035 INFO org.apache.catalina.core.ContainerBase.[Tomcat].[localhost].[/] [RMI TCP Connection(8)-127.0.0.1] Destroying Spring FrameworkServlet 'dispatcherServlet'
2023-04-24 13:42:33,052 INFO org.springframework.orm.jpa.LocalContainerEntityManagerFactoryBean [RMI TCP Connection(8)-127.0.0.1] Closing JPA EntityManagerFactory for persistence unit 'default'
2023-04-24 13:42:33,057 INFO com.zaxxer.hikari.HikariDataSource [RMI TCP Connection(8)-127.0.0.1] HikariPool-1 - Shutdown initiated...
2023-04-24 13:42:33,067 INFO com.zaxxer.hikari.HikariDataSource [RMI TCP Connection(8)-127.0.0.1] HikariPool-1 - Shutdown completed.
